Performing C SOURCE FILE Test CMAKE_HAVE_LIBC_PTHREAD failed with the following output:
Change Dir: /home/localadmin/ArchProject/Software-Arch/build/CMakeFiles/CMakeTmp

Run Build Command(s):/usr/bin/make cmTC_aa946/fast && /usr/bin/make -f CMakeFiles/cmTC_aa946.dir/build.make CMakeFiles/cmTC_aa946.dir/build
make[1]: вход в каталог «/home/localadmin/ArchProject/Software-Arch/build/CMakeFiles/CMakeTmp»
Building C object CMakeFiles/cmTC_aa946.dir/src.c.o
/usr/bin/cc   -DCMAKE_HAVE_LIBC_PTHREAD   -o CMakeFiles/cmTC_aa946.dir/src.c.o   -c /home/localadmin/ArchProject/Software-Arch/build/CMakeFiles/CMakeTmp/src.c
Linking C executable cmTC_aa946
/usr/bin/cmake -E cmake_link_script CMakeFiles/cmTC_aa946.dir/link.txt --verbose=1
/usr/bin/cc  -DCMAKE_HAVE_LIBC_PTHREAD    -rdynamic CMakeFiles/cmTC_aa946.dir/src.c.o  -o cmTC_aa946 
/usr/bin/ld: CMakeFiles/cmTC_aa946.dir/src.c.o: in function `main':
src.c:(.text+0x2d): undefined reference to `pthread_create'
/usr/bin/ld: src.c:(.text+0x39): undefined reference to `pthread_detach'
/usr/bin/ld: src.c:(.text+0x4a): undefined reference to `pthread_join'
collect2: error: ld returned 1 exit status
make[1]: *** [CMakeFiles/cmTC_aa946.dir/build.make:87: cmTC_aa946] Ошибка 1
make[1]: выход из каталога «/home/localadmin/ArchProject/Software-Arch/build/CMakeFiles/CMakeTmp»
make: *** [Makefile:121: cmTC_aa946/fast] Ошибка 2


Source file was:
#include <pthread.h>

void* test_func(void* data)
{
  return data;
}

int main(void)
{
  pthread_t thread;
  pthread_create(&thread, NULL, test_func, NULL);
  pthread_detach(thread);
  pthread_join(thread, NULL);
  pthread_atfork(NULL, NULL, NULL);
  pthread_exit(NULL);

  return 0;
}

Determining if the function pthread_create exists in the pthreads failed with the following output:
Change Dir: /home/localadmin/ArchProject/Software-Arch/build/CMakeFiles/CMakeTmp

Run Build Command(s):/usr/bin/make cmTC_87aeb/fast && /usr/bin/make -f CMakeFiles/cmTC_87aeb.dir/build.make CMakeFiles/cmTC_87aeb.dir/build
make[1]: вход в каталог «/home/localadmin/ArchProject/Software-Arch/build/CMakeFiles/CMakeTmp»
Building C object CMakeFiles/cmTC_87aeb.dir/CheckFunctionExists.c.o
/usr/bin/cc   -DCHECK_FUNCTION_EXISTS=pthread_create   -o CMakeFiles/cmTC_87aeb.dir/CheckFunctionExists.c.o   -c /usr/share/cmake-3.16/Modules/CheckFunctionExists.c
Linking C executable cmTC_87aeb
/usr/bin/cmake -E cmake_link_script CMakeFiles/cmTC_87aeb.dir/link.txt --verbose=1
/usr/bin/cc  -DCHECK_FUNCTION_EXISTS=pthread_create    -rdynamic CMakeFiles/cmTC_87aeb.dir/CheckFunctionExists.c.o  -o cmTC_87aeb  -lpthreads 
/usr/bin/ld: cannot find -lpthreads
collect2: error: ld returned 1 exit status
make[1]: *** [CMakeFiles/cmTC_87aeb.dir/build.make:87: cmTC_87aeb] Ошибка 1
make[1]: выход из каталога «/home/localadmin/ArchProject/Software-Arch/build/CMakeFiles/CMakeTmp»
make: *** [Makefile:121: cmTC_87aeb/fast] Ошибка 2



